<?xml version="1.0" encoding="UTF-8"?>
<testng-results ignored="0" total="1" passed="1" failed="0" skipped="0">
  <reporter-output>
    <line>
      <![CDATA[Extent Report Directory/Users/mirouflyer/Desktop/teamframework/Team10FrameWorkTest/Walmart/target/surefire-reports/html]]>
    </line>
    <line>
      <![CDATA[Browser is launching]]>
    </line>
    <line>
      <![CDATA[TestSearchItemsFromExcel: search Items]]>
    </line>
    <line>
      <![CDATA[SearchPage: search For jenKins Book]]>
    </line>
    <line>
      <![CDATA[SearchPage: get Search Input Web Element]]>
    </line>
    <line>
      <![CDATA[SearchPage: submit Search Button]]>
    </line>
    <line>
      <![CDATA[SearchPage: get Submit Button Web Element]]>
    </line>
    <line>
      <![CDATA[SearchPage: clear Input]]>
    </line>
    <line>
      <![CDATA[SearchPage: get Search Input Web Element]]>
    </line>
    <line>
      <![CDATA[SearchPage: search For Cakes]]>
    </line>
    <line>
      <![CDATA[SearchPage: get Search Input Web Element]]>
    </line>
    <line>
      <![CDATA[SearchPage: submit Search Button]]>
    </line>
    <line>
      <![CDATA[SearchPage: get Submit Button Web Element]]>
    </line>
    <line>
      <![CDATA[SearchPage: clear Input]]>
    </line>
    <line>
      <![CDATA[SearchPage: get Search Input Web Element]]>
    </line>
    <line>
      <![CDATA[SearchPage: search For MacBoo Pro]]>
    </line>
    <line>
      <![CDATA[SearchPage: get Search Input Web Element]]>
    </line>
    <line>
      <![CDATA[SearchPage: submit Search Button]]>
    </line>
    <line>
      <![CDATA[SearchPage: get Submit Button Web Element]]>
    </line>
    <line>
      <![CDATA[SearchPage: clear Input]]>
    </line>
    <line>
      <![CDATA[SearchPage: get Search Input Web Element]]>
    </line>
    <line>
      <![CDATA[SearchPage: search For Car Batteries]]>
    </line>
    <line>
      <![CDATA[SearchPage: get Search Input Web Element]]>
    </line>
    <line>
      <![CDATA[SearchPage: submit Search Button]]>
    </line>
    <line>
      <![CDATA[SearchPage: get Submit Button Web Element]]>
    </line>
    <line>
      <![CDATA[SearchPage: clear Input]]>
    </line>
    <line>
      <![CDATA[SearchPage: get Search Input Web Element]]>
    </line>
    <line>
      <![CDATA[SearchPage: search For Oven]]>
    </line>
    <line>
      <![CDATA[SearchPage: get Search Input Web Element]]>
    </line>
    <line>
      <![CDATA[SearchPage: submit Search Button]]>
    </line>
    <line>
      <![CDATA[SearchPage: get Submit Button Web Element]]>
    </line>
    <line>
      <![CDATA[SearchPage: clear Input]]>
    </line>
    <line>
      <![CDATA[SearchPage: get Search Input Web Element]]>
    </line>
    <line>
      <![CDATA[SearchPage: search For Samunsung S9]]>
    </line>
    <line>
      <![CDATA[SearchPage: get Search Input Web Element]]>
    </line>
    <line>
      <![CDATA[SearchPage: submit Search Button]]>
    </line>
    <line>
      <![CDATA[SearchPage: get Submit Button Web Element]]>
    </line>
    <line>
      <![CDATA[SearchPage: clear Input]]>
    </line>
    <line>
      <![CDATA[SearchPage: get Search Input Web Element]]>
    </line>
    <line>
      <![CDATA[SearchPage: search For suitecase]]>
    </line>
    <line>
      <![CDATA[SearchPage: get Search Input Web Element]]>
    </line>
    <line>
      <![CDATA[SearchPage: submit Search Button]]>
    </line>
    <line>
      <![CDATA[SearchPage: get Submit Button Web Element]]>
    </line>
    <line>
      <![CDATA[SearchPage: clear Input]]>
    </line>
    <line>
      <![CDATA[SearchPage: get Search Input Web Element]]>
    </line>
  </reporter-output>
  <suite started-at="2019-03-28T01:30:57Z" name="Walmart Automation Script " finished-at="2019-03-28T01:31:37Z" duration-ms="40774">
    <groups>
    </groups>
    <test started-at="2019-03-28T01:30:57Z" name="Walmart Home" finished-at="2019-03-28T01:31:37Z" duration-ms="40774">
      <class name="searchItems.TestSearchItemsFromExcel">
        <test-method is-config="true" signature="extentSetup(org.testng.ITestContext)[pri:0, instance:searchItems.TestSearchItemsFromExcel@55182842]" started-at="2019-03-28T01:30:56Z" name="extentSetup" finished-at="2019-03-28T01:30:57Z" duration-ms="230" status="PASS">
          <params>
            <param index="0">
              <value>
                <![CDATA[org.testng.TestRunner@25e49cb2]]>
              </value>
            </param>
          </params>
          <reporter-output>
            <line>
              <![CDATA[Extent Report Directory/Users/mirouflyer/Desktop/teamframework/Team10FrameWorkTest/Walmart/target/surefire-reports/html]]>
            </line>
          </reporter-output>
        </test-method> <!-- extentSetup -->
        <test-method is-config="true" signature="setUp(boolean, java.lang.String, java.lang.String, java.lang.String, java.lang.String, java.lang.String, java.lang.String)[pri:0, instance:searchItems.TestSearchItemsFromExcel@55182842]" started-at="2019-03-28T01:30:57Z" name="setUp" finished-at="2019-03-28T01:31:06Z" duration-ms="9723" status="PASS">
          <params>
            <param index="0">
              <value>
                <![CDATA[false]]>
              </value>
            </param>
            <param index="1">
              <value>
                <![CDATA[saucelabs]]>
              </value>
            </param>
            <param index="2">
              <value>
                <![CDATA[OS X]]>
              </value>
            </param>
            <param index="3">
              <value>
                <![CDATA[10]]>
              </value>
            </param>
            <param index="4">
              <value>
                <![CDATA[firefox]]>
              </value>
            </param>
            <param index="5">
              <value>
                <![CDATA[65.0]]>
              </value>
            </param>
            <param index="6">
              <value>
                <![CDATA[https://www.walmart.com/]]>
              </value>
            </param>
          </params>
          <reporter-output>
          </reporter-output>
        </test-method> <!-- setUp -->
        <test-method is-config="true" signature="startExtent(java.lang.reflect.Method)[pri:0, instance:searchItems.TestSearchItemsFromExcel@55182842]" started-at="2019-03-28T01:31:06Z" name="startExtent" finished-at="2019-03-28T01:31:06Z" duration-ms="4" status="PASS">
          <params>
            <param index="0">
              <value>
                <![CDATA[public void searchItems.TestSearchItemsFromExcel.searchItems() throws java.lang.Exception,java.io.IOException,java.lang.ClassNotFoundException]]>
              </value>
            </param>
          </params>
          <reporter-output>
          </reporter-output>
        </test-method> <!-- startExtent -->
        <test-method signature="searchItems()[pri:0, instance:searchItems.TestSearchItemsFromExcel@55182842]" started-at="2019-03-28T01:31:06Z" name="searchItems" finished-at="2019-03-28T01:31:36Z" duration-ms="30097" status="PASS">
          <reporter-output>
            <line>
              <![CDATA[Browser is launching]]>
            </line>
            <line>
              <![CDATA[TestSearchItemsFromExcel: search Items]]>
            </line>
            <line>
              <![CDATA[SearchPage: search For jenKins Book]]>
            </line>
            <line>
              <![CDATA[SearchPage: get Search Input Web Element]]>
            </line>
            <line>
              <![CDATA[SearchPage: submit Search Button]]>
            </line>
            <line>
              <![CDATA[SearchPage: get Submit Button Web Element]]>
            </line>
            <line>
              <![CDATA[SearchPage: clear Input]]>
            </line>
            <line>
              <![CDATA[SearchPage: get Search Input Web Element]]>
            </line>
            <line>
              <![CDATA[SearchPage: search For Cakes]]>
            </line>
            <line>
              <![CDATA[SearchPage: get Search Input Web Element]]>
            </line>
            <line>
              <![CDATA[SearchPage: submit Search Button]]>
            </line>
            <line>
              <![CDATA[SearchPage: get Submit Button Web Element]]>
            </line>
            <line>
              <![CDATA[SearchPage: clear Input]]>
            </line>
            <line>
              <![CDATA[SearchPage: get Search Input Web Element]]>
            </line>
            <line>
              <![CDATA[SearchPage: search For MacBoo Pro]]>
            </line>
            <line>
              <![CDATA[SearchPage: get Search Input Web Element]]>
            </line>
            <line>
              <![CDATA[SearchPage: submit Search Button]]>
            </line>
            <line>
              <![CDATA[SearchPage: get Submit Button Web Element]]>
            </line>
            <line>
              <![CDATA[SearchPage: clear Input]]>
            </line>
            <line>
              <![CDATA[SearchPage: get Search Input Web Element]]>
            </line>
            <line>
              <![CDATA[SearchPage: search For Car Batteries]]>
            </line>
            <line>
              <![CDATA[SearchPage: get Search Input Web Element]]>
            </line>
            <line>
              <![CDATA[SearchPage: submit Search Button]]>
            </line>
            <line>
              <![CDATA[SearchPage: get Submit Button Web Element]]>
            </line>
            <line>
              <![CDATA[SearchPage: clear Input]]>
            </line>
            <line>
              <![CDATA[SearchPage: get Search Input Web Element]]>
            </line>
            <line>
              <![CDATA[SearchPage: search For Oven]]>
            </line>
            <line>
              <![CDATA[SearchPage: get Search Input Web Element]]>
            </line>
            <line>
              <![CDATA[SearchPage: submit Search Button]]>
            </line>
            <line>
              <![CDATA[SearchPage: get Submit Button Web Element]]>
            </line>
            <line>
              <![CDATA[SearchPage: clear Input]]>
            </line>
            <line>
              <![CDATA[SearchPage: get Search Input Web Element]]>
            </line>
            <line>
              <![CDATA[SearchPage: search For Samunsung S9]]>
            </line>
            <line>
              <![CDATA[SearchPage: get Search Input Web Element]]>
            </line>
            <line>
              <![CDATA[SearchPage: submit Search Button]]>
            </line>
            <line>
              <![CDATA[SearchPage: get Submit Button Web Element]]>
            </line>
            <line>
              <![CDATA[SearchPage: clear Input]]>
            </line>
            <line>
              <![CDATA[SearchPage: get Search Input Web Element]]>
            </line>
            <line>
              <![CDATA[SearchPage: search For suitecase]]>
            </line>
            <line>
              <![CDATA[SearchPage: get Search Input Web Element]]>
            </line>
            <line>
              <![CDATA[SearchPage: submit Search Button]]>
            </line>
            <line>
              <![CDATA[SearchPage: get Submit Button Web Element]]>
            </line>
            <line>
              <![CDATA[SearchPage: clear Input]]>
            </line>
            <line>
              <![CDATA[SearchPage: get Search Input Web Element]]>
            </line>
          </reporter-output>
        </test-method> <!-- searchItems -->
        <test-method is-config="true" signature="afterEachTestMethod(org.testng.ITestResult)[pri:0, instance:searchItems.TestSearchItemsFromExcel@55182842]" started-at="2019-03-28T01:31:36Z" name="afterEachTestMethod" finished-at="2019-03-28T01:31:37Z" duration-ms="926" status="PASS">
          <params>
            <param index="0">
              <value>
                <![CDATA[[TestResult name=searchItems status=SUCCESS method=TestSearchItemsFromExcel.searchItems()[pri:0, instance:searchItems.TestSearchItemsFromExcel@55182842] output=Browser is launching]]]>
              </value>
            </param>
          </params>
          <reporter-output>
          </reporter-output>
        </test-method> <!-- afterEachTestMethod -->
        <test-method is-config="true" signature="cleanUp()[pri:0, instance:searchItems.TestSearchItemsFromExcel@55182842]" started-at="2019-03-28T01:31:37Z" name="cleanUp" finished-at="2019-03-28T01:31:37Z" duration-ms="0" status="PASS">
          <reporter-output>
          </reporter-output>
        </test-method> <!-- cleanUp -->
        <test-method is-config="true" signature="generateReport()[pri:0, instance:searchItems.TestSearchItemsFromExcel@55182842]" started-at="2019-03-28T01:31:37Z" name="generateReport" finished-at="2019-03-28T01:31:37Z" duration-ms="31" status="PASS">
          <reporter-output>
          </reporter-output>
        </test-method> <!-- generateReport -->
      </class> <!-- searchItems.TestSearchItemsFromExcel -->
    </test> <!-- Walmart Home -->
  </suite> <!-- Walmart Automation Script  -->
</testng-results>
