<?xml version="1.0" encoding="UTF-8"?>
<testng-results skipped="0" failed="0" ignored="0" total="0" passed="0">
  <reporter-output>
  </reporter-output>
  <suite name="CapitalOne Automation Script " duration-ms="3" started-at="2019-03-27T18:37:57Z" finished-at="2019-03-27T18:37:57Z">
    <groups>
    </groups>
    <test name="CNN Home" duration-ms="3" started-at="2019-03-27T18:37:57Z" finished-at="2019-03-27T18:37:57Z">
    </test> <!-- CNN Home -->
  </suite> <!-- CapitalOne Automation Script  -->
</testng-results>
