-------------------------------------------------------------------------------
Test set: TestSuite
-------------------------------------------------------------------------------
Tests run: 1, Failures: 1, Errors: 0, Skipped: 0, Time elapsed: 5.478 s <<< FAILURE! - in TestSuite
generateReport(homePageLinks.BusinessSolutionsLinks)  Time elapsed: 5.417 s  <<< FAILURE!
java.lang.NullPointerException

