<?xml version="1.0" encoding="UTF-8"?>
<testng-results ignored="0" total="0" passed="0" failed="0" skipped="0">
  <reporter-output>
    <line>
      <![CDATA[Extent Report Directory/Users/mirouflyer/Desktop/teamframework/Team10FrameWorkTest/LinkedIn/target/surefire-reports/html]]>
    </line>
  </reporter-output>
  <suite started-at="2019-03-26T19:55:53Z" name="LinkedIn Automation Script " finished-at="2019-03-26T19:55:53Z" duration-ms="2">
    <groups>
    </groups>
    <test started-at="2019-03-26T19:55:53Z" name="LinkedIn Home" finished-at="2019-03-26T19:55:53Z" duration-ms="2">
      <class name="homePageLinks.BusinessSolutionsLinks">
        <test-method is-config="true" signature="extentSetup(org.testng.ITestContext)[pri:0, instance:homePageLinks.BusinessSolutionsLinks@313ac989]" started-at="2019-03-26T19:55:48Z" name="extentSetup" finished-at="2019-03-26T19:55:53Z" duration-ms="5187" status="PASS">
          <params>
            <param index="0">
              <value>
                <![CDATA[org.testng.TestRunner@60f00693]]>
              </value>
            </param>
          </params>
          <reporter-output>
            <line>
              <![CDATA[Extent Report Directory/Users/mirouflyer/Desktop/teamframework/Team10FrameWorkTest/LinkedIn/target/surefire-reports/html]]>
            </line>
          </reporter-output>
        </test-method> <!-- extentSetup -->
        <test-method is-config="true" signature="generateReport()[pri:0, instance:homePageLinks.BusinessSolutionsLinks@313ac989]" started-at="2019-03-26T19:55:53Z" name="generateReport" finished-at="2019-03-26T19:55:53Z" duration-ms="1" status="FAIL">
          <exception class="java.lang.NullPointerException">
            <full-stacktrace>
              <![CDATA[java.lang.NullPointerException
at com.relevantcodes.extentreports.Report.terminate(Report.java:417)
at com.relevantcodes.extentreports.ExtentReports.close(ExtentReports.java:920)
at base.CommonAPI.generateReport(CommonAPI.java:87)
at java.base/jdk.internal.reflect.NativeMethodAccessorImpl.invoke0(Native Method)
at java.base/jdk.internal.reflect.NativeMethodAccessorImpl.invoke(NativeMethodAccessorImpl.java:62)
at java.base/jdk.internal.reflect.DelegatingMethodAccessorImpl.invoke(DelegatingMethodAccessorImpl.java:43)
at java.base/java.lang.reflect.Method.invoke(Method.java:566)
at org.testng.internal.MethodInvocationHelper.invokeMethod(MethodInvocationHelper.java:124)
at org.testng.internal.MethodInvocationHelper.invokeMethodConsideringTimeout(MethodInvocationHelper.java:59)
at org.testng.internal.Invoker.invokeConfigurationMethod(Invoker.java:458)
at org.testng.internal.Invoker.invokeConfigurations(Invoker.java:222)
at org.testng.internal.Invoker.invokeConfigurations(Invoker.java:142)
at org.testng.SuiteRunner.privateRun(SuiteRunner.java:425)
at org.testng.SuiteRunner.run(SuiteRunner.java:364)
at org.testng.SuiteRunnerWorker.runSuite(SuiteRunnerWorker.java:52)
at org.testng.SuiteRunnerWorker.run(SuiteRunnerWorker.java:84)
at org.testng.TestNG.runSuitesSequentially(TestNG.java:1208)
at org.testng.TestNG.runSuitesLocally(TestNG.java:1137)
at org.testng.TestNG.runSuites(TestNG.java:1049)
at org.testng.TestNG.run(TestNG.java:1017)
at org.apache.maven.surefire.testng.TestNGExecutor.run(TestNGExecutor.java:283)
at org.apache.maven.surefire.testng.TestNGXmlTestSuite.execute(TestNGXmlTestSuite.java:75)
at org.apache.maven.surefire.testng.TestNGProvider.invoke(TestNGProvider.java:120)
at org.apache.maven.surefire.booter.ForkedBooter.invokeProviderInSameClassLoader(ForkedBooter.java:384)
at org.apache.maven.surefire.booter.ForkedBooter.runSuitesInProcess(ForkedBooter.java:345)
at org.apache.maven.surefire.booter.ForkedBooter.execute(ForkedBooter.java:126)
at org.apache.maven.surefire.booter.ForkedBooter.main(ForkedBooter.java:418)
]]>
            </full-stacktrace>
          </exception> <!-- java.lang.NullPointerException -->
          <reporter-output>
          </reporter-output>
        </test-method> <!-- generateReport -->
      </class> <!-- homePageLinks.BusinessSolutionsLinks -->
    </test> <!-- LinkedIn Home -->
  </suite> <!-- LinkedIn Automation Script  -->
</testng-results>
