<?xml version="1.0" encoding="UTF-8"?>
<testng-results ignored="0" total="1" passed="1" failed="0" skipped="0">
  <reporter-output>
    <line>
      <![CDATA[Extent Report Directory/Users/mirouflyer/Desktop/teamframework/Team10FrameWorkTest/Walamrt/target/surefire-reports/html]]>
    </line>
    <line>
      <![CDATA[Browser is launching]]>
    </line>
    <line>
      <![CDATA[VerifyHomePageTitle: title Test]]>
    </line>
  </reporter-output>
  <suite started-at="2019-03-26T00:00:26Z" name="Walmart Automation Script " finished-at="2019-03-26T00:00:38Z" duration-ms="11818">
    <groups>
    </groups>
    <test started-at="2019-03-26T00:00:26Z" name="Walmart Home" finished-at="2019-03-26T00:00:38Z" duration-ms="11818">
      <class name="homePageTitle.VerifyHomePageTitle">
        <test-method is-config="true" signature="extentSetup(org.testng.ITestContext)[pri:0, instance:homePageTitle.VerifyHomePageTitle@1aafa419]" started-at="2019-03-26T00:00:26Z" name="extentSetup" finished-at="2019-03-26T00:00:26Z" duration-ms="185" status="PASS">
          <params>
            <param index="0">
              <value>
                <![CDATA[org.testng.TestRunner@5f5b5ca4]]>
              </value>
            </param>
          </params>
          <reporter-output>
            <line>
              <![CDATA[Extent Report Directory/Users/mirouflyer/Desktop/teamframework/Team10FrameWorkTest/Walamrt/target/surefire-reports/html]]>
            </line>
          </reporter-output>
        </test-method> <!-- extentSetup -->
        <test-method is-config="true" signature="setUp(boolean, java.lang.String, java.lang.String, java.lang.String, java.lang.String, java.lang.String, java.lang.String)[pri:0, instance:homePageTitle.VerifyHomePageTitle@1aafa419]" started-at="2019-03-26T00:00:26Z" name="setUp" finished-at="2019-03-26T00:00:38Z" duration-ms="11450" status="PASS">
          <params>
            <param index="0">
              <value>
                <![CDATA[false]]>
              </value>
            </param>
            <param index="1">
              <value>
                <![CDATA[browserstack]]>
              </value>
            </param>
            <param index="2">
              <value>
                <![CDATA[OS X]]>
              </value>
            </param>
            <param index="3">
              <value>
                <![CDATA[Sierra]]>
              </value>
            </param>
            <param index="4">
              <value>
                <![CDATA[chrome]]>
              </value>
            </param>
            <param index="5">
              <value>
                <![CDATA[30.0]]>
              </value>
            </param>
            <param index="6">
              <value>
                <![CDATA[https://www.walmart.com/]]>
              </value>
            </param>
          </params>
          <reporter-output>
          </reporter-output>
        </test-method> <!-- setUp -->
        <test-method is-config="true" signature="startExtent(java.lang.reflect.Method)[pri:0, instance:homePageTitle.VerifyHomePageTitle@1aafa419]" started-at="2019-03-26T00:00:38Z" name="startExtent" finished-at="2019-03-26T00:00:38Z" duration-ms="4" status="PASS">
          <params>
            <param index="0">
              <value>
                <![CDATA[public void homePageTitle.VerifyHomePageTitle.titleTest()]]>
              </value>
            </param>
          </params>
          <reporter-output>
          </reporter-output>
        </test-method> <!-- startExtent -->
        <test-method signature="titleTest()[pri:0, instance:homePageTitle.VerifyHomePageTitle@1aafa419]" started-at="2019-03-26T00:00:38Z" name="titleTest" finished-at="2019-03-26T00:00:38Z" duration-ms="27" status="PASS">
          <reporter-output>
            <line>
              <![CDATA[Browser is launching]]>
            </line>
            <line>
              <![CDATA[VerifyHomePageTitle: title Test]]>
            </line>
          </reporter-output>
        </test-method> <!-- titleTest -->
        <test-method is-config="true" signature="afterEachTestMethod(org.testng.ITestResult)[pri:0, instance:homePageTitle.VerifyHomePageTitle@1aafa419]" started-at="2019-03-26T00:00:38Z" name="afterEachTestMethod" finished-at="2019-03-26T00:00:38Z" duration-ms="317" status="PASS">
          <params>
            <param index="0">
              <value>
                <![CDATA[[TestResult name=titleTest status=SUCCESS method=VerifyHomePageTitle.titleTest()[pri:0, instance:homePageTitle.VerifyHomePageTitle@1aafa419] output=Browser is launching]]]>
              </value>
            </param>
          </params>
          <reporter-output>
          </reporter-output>
        </test-method> <!-- afterEachTestMethod -->
        <test-method is-config="true" signature="cleanUp()[pri:0, instance:homePageTitle.VerifyHomePageTitle@1aafa419]" started-at="2019-03-26T00:00:38Z" name="cleanUp" finished-at="2019-03-26T00:00:38Z" duration-ms="0" status="PASS">
          <reporter-output>
          </reporter-output>
        </test-method> <!-- cleanUp -->
        <test-method is-config="true" signature="generateReport()[pri:0, instance:homePageTitle.VerifyHomePageTitle@1aafa419]" started-at="2019-03-26T00:00:38Z" name="generateReport" finished-at="2019-03-26T00:00:38Z" duration-ms="35" status="PASS">
          <reporter-output>
          </reporter-output>
        </test-method> <!-- generateReport -->
      </class> <!-- homePageTitle.VerifyHomePageTitle -->
    </test> <!-- Walmart Home -->
  </suite> <!-- Walmart Automation Script  -->
</testng-results>
